<?xml version="1.0" encoding="UTF-8"?>
<testsuite xmlns:xsi="http://www.w3.org/2001/XMLSchema-instance" xsi:noNamespaceSchemaLocation="https://maven.apache.org/surefire/maven-surefire-plugin/xsd/surefire-test-report.xsd" version="3.0.2" name="com.planitautomation.runners.RunCucumberTest" time="76.359" tests="7" errors="0" skipped="0" failures="0" flakes="0">
  <properties>
[...]
</properties>
  <testcase name="Example #1.1" classname="RunCucumberTest" time="24.918">
    <system-out><![CDATA[
&amp#27;[1mScenario Outline:&amp#27;[22m Submitting a fully populated form succeeds                                                                                         &amp#27;[90m# classpath:features/ContactFormSubmission.feature:19&amp#27;[39m
  &amp#27;[32m✔&amp#27;[39m &amp#27;[32m&amp#27;[1mGiven &amp#27;[22mI am on the Jupiter Toys home page&amp#27;[39m                                                                                                         &amp#27;[90m# com.planitautomation.stepdefinitions.NavigationSteps.iAmOnTheHomePage()&amp#27;[39m
  &amp#27;[32m✔&amp#27;[39m &amp#27;[32m&amp#27;[1mWhen &amp#27;[22mI navigate to the Contact page&amp#27;[39m                                                                                                              &amp#27;[90m# com.planitautomation.stepdefinitions.NavigationSteps.iNavigateToTheContactPage()&amp#27;[39m
  &amp#27;[32m✔&amp#27;[39m &amp#27;[32m&amp#27;[1mWhen &amp#27;[22mI populate the mandatory fields with forename &amp#27;[1m"Ankita"&amp#27;[22m, email &amp#27;[1m"ankita.tester.1@example.com"&amp#27;[22m and message &amp#27;[1m"Automated contact form run 1 of 5"&amp#27;[22m&amp#27;[39m &amp#27;[90m# com.planitautomation.stepdefinitions.ContactFormSteps.iPopulateTheMandatoryFields(java.lang.String,java.lang.String,java.lang.String)&amp#27;[39m
  &amp#27;[32m✔&amp#27;[39m &amp#27;[32m&amp#27;[1mAnd &amp#27;[22mI submit the contact form&amp#27;[39m                                                                                                                    &amp#27;[90m# com.planitautomation.stepdefinitions.ContactFormSteps.iSubmitTheContactForm()&amp#27;[39m
  &amp#27;[32m✔&amp#27;[39m &amp#27;[32m&amp#27;[1mThen &amp#27;[22mI should see the successful submission message for &amp#27;[1m"Ankita"&amp#27;[22m&amp#27;[39m                                                                                 &amp#27;[90m# com.planitautomation.stepdefinitions.ContactFormSteps.iShouldSeeTheSuccessfulSubmissionMessage(java.lang.String)&amp#27;[39m
]]></system-out>
    <system-err><![CDATA[Sep 23, 2026 10:15:40 AM org.junit.platform.launcher.core.DiscoveryIssueNotifier logIssues
WARNING: TestEngine with ID 'junit-platform-suite' encountered a non-critical issue during test discovery:

(1) [WARNING] [cucumber] The classpath resource selector 'features' should not be used to select features in a package. Use the package selector with 'features' instead (via @Suite com.planitautomation.runners.RunCucumberTest).
]]></system-err>
  </testcase>
  <testcase name="Example #1.2" classname="RunCucumberTest" time="4.818">
    <system-out><![CDATA[
&amp#27;[1mScenario Outline:&amp#27;[22m Submitting a fully populated form succeeds                                                                                         &amp#27;[90m# classpath:features/ContactFormSubmission.feature:20&amp#27;[39m
  &amp#27;[32m✔&amp#27;[39m &amp#27;[32m&amp#27;[1mGiven &amp#27;[22mI am on the Jupiter Toys home page&amp#27;[39m                                                                                                         &amp#27;[90m# com.planitautomation.stepdefinitions.NavigationSteps.iAmOnTheHomePage()&amp#27;[39m
  &amp#27;[32m✔&amp#27;[39m &amp#27;[32m&amp#27;[1mWhen &amp#27;[22mI navigate to the Contact page&amp#27;[39m                                                                                                              &amp#27;[90m# com.planitautomation.stepdefinitions.NavigationSteps.iNavigateToTheContactPage()&amp#27;[39m
  &amp#27;[32m✔&amp#27;[39m &amp#27;[32m&amp#27;[1mWhen &amp#27;[22mI populate the mandatory fields with forename &amp#27;[1m"Ankita"&amp#27;[22m, email &amp#27;[1m"ankita.tester.2@example.com"&amp#27;[22m and message &amp#27;[1m"Automated contact form run 2 of 5"&amp#27;[22m&amp#27;[39m &amp#27;[90m# com.planitautomation.stepdefinitions.ContactFormSteps.iPopulateTheMandatoryFields(java.lang.String,java.lang.String,java.lang.String)&amp#27;[39m
  &amp#27;[32m✔&amp#27;[39m &amp#27;[32m&amp#27;[1mAnd &amp#27;[22mI submit the contact form&amp#27;[39m                                                                                                                    &amp#27;[90m# com.planitautomation.stepdefinitions.ContactFormSteps.iSubmitTheContactForm()&amp#27;[39m
  &amp#27;[32m✔&amp#27;[39m &amp#27;[32m&amp#27;[1mThen &amp#27;[22mI should see the successful submission message for &amp#27;[1m"Ankita"&amp#27;[22m&amp#27;[39m                                                                                 &amp#27;[90m# com.planitautomation.stepdefinitions.ContactFormSteps.iShouldSeeTheSuccessfulSubmissionMessage(java.lang.String)&amp#27;[39m
]]></system-out>
  </testcase>
  <testcase name="Example #1.3" classname="RunCucumberTest" time="18.813">
    <system-out><![CDATA[
&amp#27;[1mScenario Outline:&amp#27;[22m Submitting a fully populated form succeeds                                                                                         &amp#27;[90m# classpath:features/ContactFormSubmission.feature:21&amp#27;[39m
  &amp#27;[32m✔&amp#27;[39m &amp#27;[32m&amp#27;[1mGiven &amp#27;[22mI am on the Jupiter Toys home page&amp#27;[39m                                                                                                         &amp#27;[90m# com.planitautomation.stepdefinitions.NavigationSteps.iAmOnTheHomePage()&amp#27;[39m
  &amp#27;[32m✔&amp#27;[39m &amp#27;[32m&amp#27;[1mWhen &amp#27;[22mI navigate to the Contact page&amp#27;[39m                                                                                                              &amp#27;[90m# com.planitautomation.stepdefinitions.NavigationSteps.iNavigateToTheContactPage()&amp#27;[39m
  &amp#27;[32m✔&amp#27;[39m &amp#27;[32m&amp#27;[1mWhen &amp#27;[22mI populate the mandatory fields with forename &amp#27;[1m"Ankita"&amp#27;[22m, email &amp#27;[1m"ankita.tester.3@example.com"&amp#27;[22m and message &amp#27;[1m"Automated contact form run 3 of 5"&amp#27;[22m&amp#27;[39m &amp#27;[90m# com.planitautomation.stepdefinitions.ContactFormSteps.iPopulateTheMandatoryFields(java.lang.String,java.lang.String,java.lang.String)&amp#27;[39m
  &amp#27;[32m✔&amp#27;[39m &amp#27;[32m&amp#27;[1mAnd &amp#27;[22mI submit the contact form&amp#27;[39m                                                                                                                    &amp#27;[90m# com.planitautomation.stepdefinitions.ContactFormSteps.iSubmitTheContactForm()&amp#27;[39m
  &amp#27;[32m✔&amp#27;[39m &amp#27;[32m&amp#27;[1mThen &amp#27;[22mI should see the successful submission message for &amp#27;[1m"Ankita"&amp#27;[22m&amp#27;[39m                                                                                 &amp#27;[90m# com.planitautomation.stepdefinitions.ContactFormSteps.iShouldSeeTheSuccessfulSubmissionMessage(java.lang.String)&amp#27;[39m
]]></system-out>
  </testcase>
  <testcase name="Example #1.4" classname="RunCucumberTest" time="8.086">
    <system-out><![CDATA[
&amp#27;[1mScenario Outline:&amp#27;[22m Submitting a fully populated form succeeds                                                                                         &amp#27;[90m# classpath:features/ContactFormSubmission.feature:22&amp#27;[39m
  &amp#27;[32m✔&amp#27;[39m &amp#27;[32m&amp#27;[1mGiven &amp#27;[22mI am on the Jupiter Toys home page&amp#27;[39m                                                                                                         &amp#27;[90m# com.planitautomation.stepdefinitions.NavigationSteps.iAmOnTheHomePage()&amp#27;[39m
  &amp#27;[32m✔&amp#27;[39m &amp#27;[32m&amp#27;[1mWhen &amp#27;[22mI navigate to the Contact page&amp#27;[39m                                                                                                              &amp#27;[90m# com.planitautomation.stepdefinitions.NavigationSteps.iNavigateToTheContactPage()&amp#27;[39m
  &amp#27;[32m✔&amp#27;[39m &amp#27;[32m&amp#27;[1mWhen &amp#27;[22mI populate the mandatory fields with forename &amp#27;[1m"Ankita"&amp#27;[22m, email &amp#27;[1m"ankita.tester.4@example.com"&amp#27;[22m and message &amp#27;[1m"Automated contact form run 4 of 5"&amp#27;[22m&amp#27;[39m &amp#27;[90m# com.planitautomation.stepdefinitions.ContactFormSteps.iPopulateTheMandatoryFields(java.lang.String,java.lang.String,java.lang.String)&amp#27;[39m
  &amp#27;[32m✔&amp#27;[39m &amp#27;[32m&amp#27;[1mAnd &amp#27;[22mI submit the contact form&amp#27;[39m                                                                                                                    &amp#27;[90m# com.planitautomation.stepdefinitions.ContactFormSteps.iSubmitTheContactForm()&amp#27;[39m
  &amp#27;[32m✔&amp#27;[39m &amp#27;[32m&amp#27;[1mThen &amp#27;[22mI should see the successful submission message for &amp#27;[1m"Ankita"&amp#27;[22m&amp#27;[39m                                                                                 &amp#27;[90m# com.planitautomation.stepdefinitions.ContactFormSteps.iShouldSeeTheSuccessfulSubmissionMessage(java.lang.String)&amp#27;[39m
]]></system-out>
  </testcase>
  <testcase name="Example #1.5" classname="RunCucumberTest" time="10.004">
    <system-out><![CDATA[
&amp#27;[1mScenario Outline:&amp#27;[22m Submitting a fully populated form succeeds                                                                                         &amp#27;[90m# classpath:features/ContactFormSubmission.feature:23&amp#27;[39m
  &amp#27;[32m✔&amp#27;[39m &amp#27;[32m&amp#27;[1mGiven &amp#27;[22mI am on the Jupiter Toys home page&amp#27;[39m                                                                                                         &amp#27;[90m# com.planitautomation.stepdefinitions.NavigationSteps.iAmOnTheHomePage()&amp#27;[39m
  &amp#27;[32m✔&amp#27;[39m &amp#27;[32m&amp#27;[1mWhen &amp#27;[22mI navigate to the Contact page&amp#27;[39m                                                                                                              &amp#27;[90m# com.planitautomation.stepdefinitions.NavigationSteps.iNavigateToTheContactPage()&amp#27;[39m
  &amp#27;[32m✔&amp#27;[39m &amp#27;[32m&amp#27;[1mWhen &amp#27;[22mI populate the mandatory fields with forename &amp#27;[1m"Ankita"&amp#27;[22m, email &amp#27;[1m"ankita.tester.5@example.com"&amp#27;[22m and message &amp#27;[1m"Automated contact form run 5 of 5"&amp#27;[22m&amp#27;[39m &amp#27;[90m# com.planitautomation.stepdefinitions.ContactFormSteps.iPopulateTheMandatoryFields(java.lang.String,java.lang.String,java.lang.String)&amp#27;[39m
  &amp#27;[32m✔&amp#27;[39m &amp#27;[32m&amp#27;[1mAnd &amp#27;[22mI submit the contact form&amp#27;[39m                                                                                                                    &amp#27;[90m# com.planitautomation.stepdefinitions.ContactFormSteps.iSubmitTheContactForm()&amp#27;[39m
  &amp#27;[32m✔&amp#27;[39m &amp#27;[32m&amp#27;[1mThen &amp#27;[22mI should see the successful submission message for &amp#27;[1m"Ankita"&amp#27;[22m&amp#27;[39m                                                                                 &amp#27;[90m# com.planitautomation.stepdefinitions.ContactFormSteps.iShouldSeeTheSuccessfulSubmissionMessage(java.lang.String)&amp#27;[39m
]]></system-out>
  </testcase>
  <testcase name="Submitting an empty form shows validation errors that clear once corrected" classname="RunCucumberTest" time="3.615">
    <system-out><![CDATA[
&amp#27;[1mScenario:&amp#27;[22m Submitting an empty form shows validation errors that clear once corrected                                             &amp#27;[90m# classpath:features/ContactFormValidation.feature:11&amp#27;[39m
  &amp#27;[32m✔&amp#27;[39m &amp#27;[32m&amp#27;[1mGiven &amp#27;[22mI am on the Jupiter Toys home page&amp#27;[39m                                                                                     &amp#27;[90m# com.planitautomation.stepdefinitions.NavigationSteps.iAmOnTheHomePage()&amp#27;[39m
  &amp#27;[32m✔&amp#27;[39m &amp#27;[32m&amp#27;[1mWhen &amp#27;[22mI navigate to the Contact page&amp#27;[39m                                                                                          &amp#27;[90m# com.planitautomation.stepdefinitions.NavigationSteps.iNavigateToTheContactPage()&amp#27;[39m
  &amp#27;[32m✔&amp#27;[39m &amp#27;[32m&amp#27;[1mWhen &amp#27;[22mI submit the contact form&amp#27;[39m                                                                                               &amp#27;[90m# com.planitautomation.stepdefinitions.ContactFormSteps.iSubmitTheContactForm()&amp#27;[39m
  &amp#27;[32m✔&amp#27;[39m &amp#27;[32m&amp#27;[1mThen &amp#27;[22mI should see validation errors for the mandatory fields&amp#27;[39m                                                                 &amp#27;[90m# com.planitautomation.stepdefinitions.ContactFormSteps.iShouldSeeValidationErrors()&amp#27;[39m
  &amp#27;[32m✔&amp#27;[39m &amp#27;[32m&amp#27;[1mWhen &amp#27;[22mI populate the mandatory fields with forename &amp#27;[1m"John"&amp#27;[22m, email &amp#27;[1m"john.doe@example.com"&amp#27;[22m and message &amp#27;[1m"This is a test message"&amp#27;[22m&amp#27;[39m &amp#27;[90m# com.planitautomation.stepdefinitions.ContactFormSteps.iPopulateTheMandatoryFields(java.lang.String,java.lang.String,java.lang.String)&amp#27;[39m
  &amp#27;[32m✔&amp#27;[39m &amp#27;[32m&amp#27;[1mThen &amp#27;[22mthe validation errors should no longer be displayed&amp#27;[39m                                                                     &amp#27;[90m# com.planitautomation.stepdefinitions.ContactFormSteps.theValidationErrorsShouldNoLongerBeDisplayed()&amp#27;[39m
]]></system-out>
  </testcase>
  <testcase name="Cart shows correct prices, subtotals and total for the purchased products" classname="RunCucumberTest" time="5.358">
    <system-out><![CDATA[
&amp#27;[1mScenario:&amp#27;[22m Cart shows correct prices, subtotals and total for the purchased products &amp#27;[90m# classpath:features/ShoppingCart.feature:7&amp#27;[39m
  &amp#27;[32m✔&amp#27;[39m &amp#27;[32m&amp#27;[1mGiven &amp#27;[22mI am on the Jupiter Toys home page&amp#27;[39m                                        &amp#27;[90m# com.planitautomation.stepdefinitions.NavigationSteps.iAmOnTheHomePage()&amp#27;[39m
  &amp#27;[32m✔&amp#27;[39m &amp#27;[32m&amp#27;[1mWhen &amp#27;[22mI go to the shop page&amp#27;[39m                                                      &amp#27;[90m# com.planitautomation.stepdefinitions.NavigationSteps.iGoToTheShopPage()&amp#27;[39m
  &amp#27;[32m✔&amp#27;[39m &amp#27;[32m&amp#27;[1mAnd &amp#27;[22mI buy &amp#27;[1m2&amp#27;[22m &amp#27;[1m"Stuffed Frog"&amp#27;[22m&amp#27;[39m                                                      &amp#27;[90m# com.planitautomation.stepdefinitions.ShoppingCartSteps.iBuy(int,java.lang.String)&amp#27;[39m
  &amp#27;[32m✔&amp#27;[39m &amp#27;[32m&amp#27;[1mAnd &amp#27;[22mI buy &amp#27;[1m5&amp#27;[22m &amp#27;[1m"Fluffy Bunny"&amp#27;[22m&amp#27;[39m                                                      &amp#27;[90m# com.planitautomation.stepdefinitions.ShoppingCartSteps.iBuy(int,java.lang.String)&amp#27;[39m
  &amp#27;[32m✔&amp#27;[39m &amp#27;[32m&amp#27;[1mAnd &amp#27;[22mI buy &amp#27;[1m3&amp#27;[22m &amp#27;[1m"Valentine Bear"&amp#27;[22m&amp#27;[39m                                                    &amp#27;[90m# com.planitautomation.stepdefinitions.ShoppingCartSteps.iBuy(int,java.lang.String)&amp#27;[39m
  &amp#27;[32m✔&amp#27;[39m &amp#27;[32m&amp#27;[1mAnd &amp#27;[22mI go to the cart page&amp#27;[39m                                                       &amp#27;[90m# com.planitautomation.stepdefinitions.NavigationSteps.iGoToTheCartPage()&amp#27;[39m
  &amp#27;[32m✔&amp#27;[39m &amp#27;[32m&amp#27;[1mThen &amp#27;[22mthe price and subtotal for each purchased product should be correct&amp#27;[39m        &amp#27;[90m# com.planitautomation.stepdefinitions.ShoppingCartSteps.thePriceAndSubtotalShouldBeCorrect()&amp#27;[39m
  &amp#27;[32m✔&amp#27;[39m &amp#27;[32m&amp#27;[1mAnd &amp#27;[22mthe cart total should equal the sum of the product subtotals&amp#27;[39m                &amp#27;[90m# com.planitautomation.stepdefinitions.ShoppingCartSteps.theCartTotalShouldEqualTheSum()&amp#27;[39m
]]></system-out>
  </testcase>
</testsuite>